[debug] [2024-09-08T08:02:39.044Z] ----------------------------------------------------------------------
[debug] [2024-09-08T08:02:39.047Z] Command:       C:\Program Files\nodejs\node.exe C:\Users\krish\AppData\Roaming\npm\node_modules\firebase-tools\lib\bin\firebase.js init
[debug] [2024-09-08T08:02:39.047Z] CLI Version:   13.16.0
[debug] [2024-09-08T08:02:39.047Z] Platform:      win32
[debug] [2024-09-08T08:02:39.047Z] Node Version:  v20.15.1
[debug] [2024-09-08T08:02:39.047Z] Time:          Sun Sep 08 2024 13:32:39 GMT+0530 (India Standard Time)
[debug] [2024-09-08T08:02:39.047Z] ----------------------------------------------------------------------
[debug] 
[debug] [2024-09-08T08:02:39.055Z] > command requires scopes: ["email","openid","https://www.googleapis.com/auth/cloudplatformprojects.readonly","https://www.googleapis.com/auth/firebase","https://www.googleapis.com/auth/cloud-platform"]
[debug] [2024-09-08T08:02:39.055Z] > authorizing via signed-in user (krishnan.narayanan15@gmail.com)
[info] 
     ######## #### ########  ######## ########     ###     ######  ########
     ##        ##  ##     ## ##       ##     ##  ##   ##  ##       ##
     ######    ##  ########  ######   ########  #########  ######  ######
     ##        ##  ##    ##  ##       ##     ## ##     ##       ## ##
     ##       #### ##     ## ######## ########  ##     ##  ######  ########

You're about to initialize a Firebase project in this directory:

  D:\Projects\NativeDog\native-dog

[info] 
=== Project Setup
[info] 
[info] First, let's associate this project directory with a Firebase project.
[info] You can create multiple project aliases by running firebase use --add, 
[info] but for now we'll just set up a default project.
[info] 
[debug] [2024-09-08T08:03:28.474Z] >>> [apiv2][query] GET https://firebase.googleapis.com/v1beta1/projects pageSize=100
[debug] [2024-09-08T08:03:29.539Z] <<< [apiv2][status] GET https://firebase.googleapis.com/v1beta1/projects 200
[debug] [2024-09-08T08:03:29.539Z] <<< [apiv2][body] GET https://firebase.googleapis.com/v1beta1/projects [omitted]
[info] i  Using project tamilnadunativebreed (TamilNaduNativeBreed) 
[info] 
=== Hosting Setup
[debug] [2024-09-08T08:03:52.235Z] >>> [apiv2][query] GET https://firebase.googleapis.com/v1beta1/projects/tamilnadunativebreed [none]
[debug] [2024-09-08T08:03:52.879Z] <<< [apiv2][status] GET https://firebase.googleapis.com/v1beta1/projects/tamilnadunativebreed 200
[debug] [2024-09-08T08:03:52.880Z] <<< [apiv2][body] GET https://firebase.googleapis.com/v1beta1/projects/tamilnadunativebreed {"projectId":"tamilnadunativebreed","projectNumber":"305076112972","displayName":"TamilNaduNativeBreed","name":"projects/tamilnadunativebreed","resources":{"hostingSite":"tamilnadunativebreed"},"state":"ACTIVE","etag":"1_40a7fad7-88bb-47b1-ac0d-4e86fbbf932e"}
[info] 
[info] Your public directory is the folder (relative to your project directory) that
[info] will contain Hosting assets to be uploaded with firebase deploy. If you
[info] have a build process for your assets, use your build's output directory.
[info] 
